<?xml version="1.0" encoding="UTF-8"?>
<testsuite name="hexlet.code.ValidatorTest" tests="3" skipped="0" failures="0" errors="0" timestamp="2022-09-26T12:25:03" hostname="vova-Sony" time="2.629">
  <properties/>
  <testcase name="testMapValidator()" classname="hexlet.code.ValidatorTest" time="2.617"/>
  <testcase name="testStringSchema()" classname="hexlet.code.ValidatorTest" time="0.003"/>
  <testcase name="testNumberSchema()" classname="hexlet.code.ValidatorTest" time="0.005"/>
  <system-out><![CDATA[]]></system-out>
  <system-err><![CDATA[]]></system-err>
</testsuite>
