<?xml version="1.0" encoding="UTF-8"?>
<testsuite name="hexlet.code.ValidatorTest" tests="4" skipped="0" failures="0" errors="0" timestamp="2022-09-26T09:35:21" hostname="vova-Sony" time="0.383">
  <properties/>
  <testcase name="testMapInnerSchema()" classname="hexlet.code.ValidatorTest" time="0.365"/>
  <testcase name="testStringSchema()" classname="hexlet.code.ValidatorTest" time="0.005"/>
  <testcase name="testMapSchema()" classname="hexlet.code.ValidatorTest" time="0.003"/>
  <testcase name="testNumberSchema()" classname="hexlet.code.ValidatorTest" time="0.004"/>
  <system-out><![CDATA[]]></system-out>
  <system-err><![CDATA[]]></system-err>
</testsuite>
